{
  "stats": {
    "suites": 6,
    "tests": 8,
    "passes": 8,
    "pending": 0,
    "failures": 0,
    "testsRegistered": 8,
    "passPercent": 100,
    "pendingPercent": 0,
    "other": 0,
    "hasOther": false,
    "skipped": 0,
    "hasSkipped": false,
    "start": "2025-07-01T14:11:58.326Z",
    "end": "2025-07-01T14:12:40.889Z",
    "duration": 42563
  },
  "results": [
    {
      "uuid": "c8652a3f-42a2-4d96-948c-9eeea1ee4b6f",
      "title": "",
      "fullFile": "cypress\\e2e\\tests\\ContactUsTest.js",
      "file": "cypress\\e2e\\tests\\ContactUsTest.js",
      "beforeHooks": [],
      "afterHooks": [],
      "tests": [],
      "suites": [
        {
          "uuid": "1a8ac8f2-7f24-4420-97e6-8a930c4c1ba1",
          "title": "verify contactus functionality",
          "fullFile": "",
          "file": "",
          "beforeHooks": [],
          "afterHooks": [],
          "tests": [
            {
              "title": "verify user should be able to use contact us functionality",
              "fullTitle": "verify contactus functionality verify user should be able to use contact us functionality",
              "timedOut": null,
              "duration": 3660,
              "state": "passed",
              "speed": "fast",
              "pass": true,
              "fail": false,
              "pending": false,
              "context": null,
              "code": "contsctusobj.openurl();\ncontsctusobj.EnterYourName(userdata.firstname);\ncontsctusobj.EnterYourEmail(userdata.email);\ncontsctusobj.Enquiry(userdata.enquirymessage);\ncontsctusobj.ClickOnSubmitBtn();\ncontsctusobj.verifymessageon();",
              "err": {},
              "uuid": "5e5406a8-a012-4340-b4bf-bf78452273a1",
              "parentUUID": "1a8ac8f2-7f24-4420-97e6-8a930c4c1ba1",
              "isHook": false,
              "skipped": false
            }
          ],
          "suites": [],
          "passes": [
            "5e5406a8-a012-4340-b4bf-bf78452273a1"
          ],
          "failures": [],
          "pending": [],
          "skipped": [],
          "duration": 3660,
          "root": false,
          "rootEmpty": false,
          "_timeout": 2000
        }
      ],
      "passes": [],
      "failures": [],
      "pending": [],
      "skipped": [],
      "duration": 0,
      "root": true,
      "rootEmpty": true,
      "_timeout": 2000
    },
    {
      "uuid": "52898d00-9bb0-43af-a6e3-22ea402cfc4f",
      "title": "",
      "fullFile": "cypress\\e2e\\tests\\ForgotPageTest.js",
      "file": "cypress\\e2e\\tests\\ForgotPageTest.js",
      "beforeHooks": [],
      "afterHooks": [],
      "tests": [],
      "suites": [
        {
          "uuid": "8ef3eebe-0f75-47a8-927b-29e4caa0213e",
          "title": "verify forgotpassword functionality",
          "fullFile": "",
          "file": "",
          "beforeHooks": [],
          "afterHooks": [],
          "tests": [
            {
              "title": "verify user should be able to forgot password",
              "fullTitle": "verify forgotpassword functionality verify user should be able to forgot password",
              "timedOut": null,
              "duration": 3469,
              "state": "passed",
              "speed": "fast",
              "pass": true,
              "fail": false,
              "pending": false,
              "context": null,
              "code": "forgotobj.openurl();\nforgotobj.enteremailid(userData.loginemail);\nforgotobj.clickoncontinue();\nforgotobj.validateEmailSentMessage();",
              "err": {},
              "uuid": "dae910f6-b3c4-4cf9-adc6-cc88e7f21361",
              "parentUUID": "8ef3eebe-0f75-47a8-927b-29e4caa0213e",
              "isHook": false,
              "skipped": false
            },
            {
              "title": "verify user should be able to use back btn",
              "fullTitle": "verify forgotpassword functionality verify user should be able to use back btn",
              "timedOut": null,
              "duration": 740,
              "state": "passed",
              "speed": "fast",
              "pass": true,
              "fail": false,
              "pending": false,
              "context": null,
              "code": "forgotobj.openurl();\nforgotobj.clickonbackbtn();\ncy.url().should('include', 'https://naveenautomationlabs.com/opencart/index.php?route=account/login');",
              "err": {},
              "uuid": "2aada71d-4284-4d57-8361-a7f5045d6b35",
              "parentUUID": "8ef3eebe-0f75-47a8-927b-29e4caa0213e",
              "isHook": false,
              "skipped": false
            }
          ],
          "suites": [],
          "passes": [
            "dae910f6-b3c4-4cf9-adc6-cc88e7f21361",
            "2aada71d-4284-4d57-8361-a7f5045d6b35"
          ],
          "failures": [],
          "pending": [],
          "skipped": [],
          "duration": 4209,
          "root": false,
          "rootEmpty": false,
          "_timeout": 2000
        }
      ],
      "passes": [],
      "failures": [],
      "pending": [],
      "skipped": [],
      "duration": 0,
      "root": true,
      "rootEmpty": true,
      "_timeout": 2000
    },
    {
      "uuid": "b60df94c-bc13-40c5-ac43-89bc2f50c5ec",
      "title": "",
      "fullFile": "cypress\\e2e\\tests\\LoginPageTest.js",
      "file": "cypress\\e2e\\tests\\LoginPageTest.js",
      "beforeHooks": [],
      "afterHooks": [],
      "tests": [],
      "suites": [
        {
          "uuid": "16d18416-b1d0-49b4-8460-bcca173b5240",
          "title": "verify the login functionality",
          "fullFile": "",
          "file": "",
          "beforeHooks": [],
          "afterHooks": [],
          "tests": [
            {
              "title": "verify user should be able to login successfully",
              "fullTitle": "verify the login functionality verify user should be able to login successfully",
              "timedOut": null,
              "duration": 2917,
              "state": "passed",
              "speed": "fast",
              "pass": true,
              "fail": false,
              "pending": false,
              "context": null,
              "code": "loginpageobj.openurl();\nloginpageobj.enteremailid(userData.loginemail);\nloginpageobj.enterpassword(userData.loginpassword);\nloginpageobj.clickonlogin();",
              "err": {},
              "uuid": "f0b507c6-c657-42d8-930b-e92788e11c11",
              "parentUUID": "16d18416-b1d0-49b4-8460-bcca173b5240",
              "isHook": false,
              "skipped": false
            },
            {
              "title": "verify user should be able to forgot password",
              "fullTitle": "verify the login functionality verify user should be able to forgot password",
              "timedOut": null,
              "duration": 739,
              "state": "passed",
              "speed": "fast",
              "pass": true,
              "fail": false,
              "pending": false,
              "context": null,
              "code": "loginpageobj.openurl();\nloginpageobj.clickforgotpass();",
              "err": {},
              "uuid": "9871b85b-a61c-49d9-af75-9a4bd94a8410",
              "parentUUID": "16d18416-b1d0-49b4-8460-bcca173b5240",
              "isHook": false,
              "skipped": false
            }
          ],
          "suites": [],
          "passes": [
            "f0b507c6-c657-42d8-930b-e92788e11c11",
            "9871b85b-a61c-49d9-af75-9a4bd94a8410"
          ],
          "failures": [],
          "pending": [],
          "skipped": [],
          "duration": 3656,
          "root": false,
          "rootEmpty": false,
          "_timeout": 2000
        }
      ],
      "passes": [],
      "failures": [],
      "pending": [],
      "skipped": [],
      "duration": 0,
      "root": true,
      "rootEmpty": true,
      "_timeout": 2000
    },
    {
      "uuid": "559a4af7-1ad4-4286-90e3-33ee4fed89f3",
      "title": "",
      "fullFile": "cypress\\e2e\\tests\\RegisterTest.js",
      "file": "cypress\\e2e\\tests\\RegisterTest.js",
      "beforeHooks": [],
      "afterHooks": [],
      "tests": [],
      "suites": [
        {
          "uuid": "30aabf84-a88a-47db-861e-2115d87ef6fa",
          "title": "verify the registration functionality",
          "fullFile": "",
          "file": "",
          "beforeHooks": [],
          "afterHooks": [],
          "tests": [
            {
              "title": "verify user should be able to register successfully",
              "fullTitle": "verify the registration functionality verify user should be able to register successfully",
              "timedOut": null,
              "duration": 4747,
              "state": "passed",
              "speed": "fast",
              "pass": true,
              "fail": false,
              "pending": false,
              "context": null,
              "code": "registerobj.openurl();\nregisterobj.enterfirstname(userData.firstname);\nregisterobj.enterlastname(userData.lastname);\nregisterobj.enteremailid(userData.email);\nregisterobj.entertelephone(userData.telephone);\nregisterobj.enterpassword(userData.password);\nregisterobj.enterconfirmpassword(userData.passwordConfirm);\nregisterobj.enterprivacy();\nregisterobj.entercontinue();\nregisterobj.checkRegistrationSuccess();",
              "err": {},
              "uuid": "0400e3ea-d0b2-42d4-add5-2fff7e1b5b64",
              "parentUUID": "30aabf84-a88a-47db-861e-2115d87ef6fa",
              "isHook": false,
              "skipped": false
            }
          ],
          "suites": [],
          "passes": [
            "0400e3ea-d0b2-42d4-add5-2fff7e1b5b64"
          ],
          "failures": [],
          "pending": [],
          "skipped": [],
          "duration": 4747,
          "root": false,
          "rootEmpty": false,
          "_timeout": 2000
        }
      ],
      "passes": [],
      "failures": [],
      "pending": [],
      "skipped": [],
      "duration": 0,
      "root": true,
      "rootEmpty": true,
      "_timeout": 2000
    },
    {
      "uuid": "1eb0949f-7acb-45fd-b7cc-6dd9de2fca2e",
      "title": "",
      "fullFile": "cypress\\e2e\\tests\\SearchTest.js",
      "file": "cypress\\e2e\\tests\\SearchTest.js",
      "beforeHooks": [],
      "afterHooks": [],
      "tests": [],
      "suites": [
        {
          "uuid": "2063d7f6-fe8a-4603-bf55-63c7c8cd82dc",
          "title": "verify search functionality",
          "fullFile": "",
          "file": "",
          "beforeHooks": [],
          "afterHooks": [],
          "tests": [
            {
              "title": "verify user should be able to search ",
              "fullTitle": "verify search functionality verify user should be able to search ",
              "timedOut": null,
              "duration": 2157,
              "state": "passed",
              "speed": "fast",
              "pass": true,
              "fail": false,
              "pending": false,
              "context": null,
              "code": "searchobj.openurl();\nsearchobj.enterinsearchbox(userdata.productsearch);\nsearchobj.clickonsearch();\nsearchobj.verifynameofproduct();",
              "err": {},
              "uuid": "5deaa60c-1863-464a-927d-7fc79bed495b",
              "parentUUID": "2063d7f6-fe8a-4603-bf55-63c7c8cd82dc",
              "isHook": false,
              "skipped": false
            }
          ],
          "suites": [],
          "passes": [
            "5deaa60c-1863-464a-927d-7fc79bed495b"
          ],
          "failures": [],
          "pending": [],
          "skipped": [],
          "duration": 2157,
          "root": false,
          "rootEmpty": false,
          "_timeout": 2000
        }
      ],
      "passes": [],
      "failures": [],
      "pending": [],
      "skipped": [],
      "duration": 0,
      "root": true,
      "rootEmpty": true,
      "_timeout": 2000
    },
    {
      "uuid": "91cd4fe5-2aba-4b42-b2a1-9df57ab04730",
      "title": "",
      "fullFile": "cypress\\e2e\\tests\\AddToCartTest.js",
      "file": "cypress\\e2e\\tests\\AddToCartTest.js",
      "beforeHooks": [],
      "afterHooks": [],
      "tests": [],
      "suites": [
        {
          "uuid": "dcca8a0d-29e2-49f6-a938-82df30f058ad",
          "title": "verify add to cart functionality",
          "fullFile": "",
          "file": "",
          "beforeHooks": [],
          "afterHooks": [],
          "tests": [
            {
              "title": "verify user should be able to use add to cart functionality",
              "fullTitle": "verify add to cart functionality verify user should be able to use add to cart functionality",
              "timedOut": null,
              "duration": 3242,
              "state": "passed",
              "speed": "fast",
              "pass": true,
              "fail": false,
              "pending": false,
              "context": null,
              "code": "cy.checkoutfunction(userdata.Country);",
              "err": {},
              "uuid": "c232fe4a-aefd-4560-baab-da07e7439239",
              "parentUUID": "dcca8a0d-29e2-49f6-a938-82df30f058ad",
              "isHook": false,
              "skipped": false
            }
          ],
          "suites": [],
          "passes": [
            "c232fe4a-aefd-4560-baab-da07e7439239"
          ],
          "failures": [],
          "pending": [],
          "skipped": [],
          "duration": 3242,
          "root": false,
          "rootEmpty": false,
          "_timeout": 2000
        }
      ],
      "passes": [],
      "failures": [],
      "pending": [],
      "skipped": [],
      "duration": 0,
      "root": true,
      "rootEmpty": true,
      "_timeout": 2000
    }
  ],
  "meta": {
    "mocha": {
      "version": "7.2.0"
    },
    "mochawesome": {
      "options": {
        "quiet": false,
        "reportFilename": "mochawesome",
        "saveHtml": false,
        "saveJson": true,
        "consoleReporter": "spec",
        "useInlineDiffs": false,
        "code": true
      },
      "version": "7.1.3"
    },
    "marge": {
      "options": {
        "reportDir": "cypress/reports/mochawesome",
        "overwrite": false,
        "html": false,
        "json": true
      },
      "version": "6.2.0"
    }
  }
}