{
  "stats": {
    "suites": 1,
    "tests": 2,
    "passes": 2,
    "pending": 0,
    "failures": 0,
    "start": "2025-07-01T14:12:14.032Z",
    "end": "2025-07-01T14:12:19.835Z",
    "duration": 5803,
    "testsRegistered": 2,
    "passPercent": 100,
    "pendingPercent": 0,
    "other": 0,
    "hasOther": false,
    "skipped": 0,
    "hasSkipped": false
  },
  "results": [
    {
      "uuid": "52898d00-9bb0-43af-a6e3-22ea402cfc4f",
      "title": "",
      "fullFile": "cypress\\e2e\\tests\\ForgotPageTest.js",
      "file": "cypress\\e2e\\tests\\ForgotPageTest.js",
      "beforeHooks": [],
      "afterHooks": [],
      "tests": [],
      "suites": [
        {
          "uuid": "8ef3eebe-0f75-47a8-927b-29e4caa0213e",
          "title": "verify forgotpassword functionality",
          "fullFile": "",
          "file": "",
          "beforeHooks": [],
          "afterHooks": [],
          "tests": [
            {
              "title": "verify user should be able to forgot password",
              "fullTitle": "verify forgotpassword functionality verify user should be able to forgot password",
              "timedOut": null,
              "duration": 3469,
              "state": "passed",
              "speed": "fast",
              "pass": true,
              "fail": false,
              "pending": false,
              "context": null,
              "code": "forgotobj.openurl();\nforgotobj.enteremailid(userData.loginemail);\nforgotobj.clickoncontinue();\nforgotobj.validateEmailSentMessage();",
              "err": {},
              "uuid": "dae910f6-b3c4-4cf9-adc6-cc88e7f21361",
              "parentUUID": "8ef3eebe-0f75-47a8-927b-29e4caa0213e",
              "isHook": false,
              "skipped": false
            },
            {
              "title": "verify user should be able to use back btn",
              "fullTitle": "verify forgotpassword functionality verify user should be able to use back btn",
              "timedOut": null,
              "duration": 740,
              "state": "passed",
              "speed": "fast",
              "pass": true,
              "fail": false,
              "pending": false,
              "context": null,
              "code": "forgotobj.openurl();\nforgotobj.clickonbackbtn();\ncy.url().should('include', 'https://naveenautomationlabs.com/opencart/index.php?route=account/login');",
              "err": {},
              "uuid": "2aada71d-4284-4d57-8361-a7f5045d6b35",
              "parentUUID": "8ef3eebe-0f75-47a8-927b-29e4caa0213e",
              "isHook": false,
              "skipped": false
            }
          ],
          "suites": [],
          "passes": [
            "dae910f6-b3c4-4cf9-adc6-cc88e7f21361",
            "2aada71d-4284-4d57-8361-a7f5045d6b35"
          ],
          "failures": [],
          "pending": [],
          "skipped": [],
          "duration": 4209,
          "root": false,
          "rootEmpty": false,
          "_timeout": 2000
        }
      ],
      "passes": [],
      "failures": [],
      "pending": [],
      "skipped": [],
      "duration": 0,
      "root": true,
      "rootEmpty": true,
      "_timeout": 2000
    }
  ],
  "meta": {
    "mocha": {
      "version": "7.2.0"
    },
    "mochawesome": {
      "options": {
        "quiet": false,
        "reportFilename": "mochawesome",
        "saveHtml": false,
        "saveJson": true,
        "consoleReporter": "spec",
        "useInlineDiffs": false,
        "code": true
      },
      "version": "7.1.3"
    },
    "marge": {
      "options": {
        "reportDir": "cypress/reports/mochawesome",
        "overwrite": false,
        "html": false,
        "json": true
      },
      "version": "6.2.0"
    }
  }
}