{
  "stats": {
    "suites": 4,
    "tests": 6,
    "passes": 6,
    "pending": 0,
    "failures": 0,
    "testsRegistered": 6,
    "passPercent": 100,
    "pendingPercent": 0,
    "other": 0,
    "hasOther": false,
    "skipped": 0,
    "hasSkipped": false,
    "start": "2025-06-27T13:59:18.700Z",
    "end": "2025-06-27T13:59:51.503Z",
    "duration": 32803
  },
  "results": [
    {
      "uuid": "f4c42493-3997-4a80-b82e-283421800017",
      "title": "",
      "fullFile": "cypress\\e2e\\tests\\ForgotPageTest.js",
      "file": "cypress\\e2e\\tests\\ForgotPageTest.js",
      "beforeHooks": [],
      "afterHooks": [],
      "tests": [],
      "suites": [
        {
          "uuid": "31ac443a-ddf6-44ed-acb4-bf8c570d18eb",
          "title": "verify forgotpassword functionality",
          "fullFile": "",
          "file": "",
          "beforeHooks": [],
          "afterHooks": [],
          "tests": [
            {
              "title": "verify user should be able to forgot password",
              "fullTitle": "verify forgotpassword functionality verify user should be able to forgot password",
              "timedOut": null,
              "duration": 3185,
              "state": "passed",
              "speed": "fast",
              "pass": true,
              "fail": false,
              "pending": false,
              "context": null,
              "code": "forgotobj.openurl();\nforgotobj.enteremailid(userData.loginemail);\nforgotobj.clickoncontinue();\nforgotobj.validateEmailSentMessage();",
              "err": {},
              "uuid": "4419e981-30cb-47f0-87f2-deb86d35ac9b",
              "parentUUID": "31ac443a-ddf6-44ed-acb4-bf8c570d18eb",
              "isHook": false,
              "skipped": false
            },
            {
              "title": "verify user should be able to use back btn",
              "fullTitle": "verify forgotpassword functionality verify user should be able to use back btn",
              "timedOut": null,
              "duration": 863,
              "state": "passed",
              "speed": "fast",
              "pass": true,
              "fail": false,
              "pending": false,
              "context": null,
              "code": "forgotobj.openurl();\nforgotobj.clickonbackbtn();\ncy.url().should('include', 'https://naveenautomationlabs.com/opencart/index.php?route=account/login');",
              "err": {},
              "uuid": "e725f41c-8ad6-430d-bd25-7624cdc20711",
              "parentUUID": "31ac443a-ddf6-44ed-acb4-bf8c570d18eb",
              "isHook": false,
              "skipped": false
            }
          ],
          "suites": [],
          "passes": [
            "4419e981-30cb-47f0-87f2-deb86d35ac9b",
            "e725f41c-8ad6-430d-bd25-7624cdc20711"
          ],
          "failures": [],
          "pending": [],
          "skipped": [],
          "duration": 4048,
          "root": false,
          "rootEmpty": false,
          "_timeout": 2000
        }
      ],
      "passes": [],
      "failures": [],
      "pending": [],
      "skipped": [],
      "duration": 0,
      "root": true,
      "rootEmpty": true,
      "_timeout": 2000
    },
    {
      "uuid": "1211986a-6a37-4308-82fe-5a39a521eb04",
      "title": "",
      "fullFile": "cypress\\e2e\\tests\\LoginPageTest.js",
      "file": "cypress\\e2e\\tests\\LoginPageTest.js",
      "beforeHooks": [],
      "afterHooks": [],
      "tests": [],
      "suites": [
        {
          "uuid": "78816bff-f484-4693-a692-b134515dc5ad",
          "title": "verify the login functionality",
          "fullFile": "",
          "file": "",
          "beforeHooks": [],
          "afterHooks": [],
          "tests": [
            {
              "title": "verify user should be able to login successfully",
              "fullTitle": "verify the login functionality verify user should be able to login successfully",
              "timedOut": null,
              "duration": 3027,
              "state": "passed",
              "speed": "fast",
              "pass": true,
              "fail": false,
              "pending": false,
              "context": null,
              "code": "loginpageobj.openurl();\nloginpageobj.enteremailid(userData.loginemail);\nloginpageobj.enterpassword(userData.loginpassword);\nloginpageobj.clickonlogin();",
              "err": {},
              "uuid": "4c26355f-853d-4af1-817f-ef5aaf929725",
              "parentUUID": "78816bff-f484-4693-a692-b134515dc5ad",
              "isHook": false,
              "skipped": false
            },
            {
              "title": "verify user should be able to forgot password",
              "fullTitle": "verify the login functionality verify user should be able to forgot password",
              "timedOut": null,
              "duration": 812,
              "state": "passed",
              "speed": "fast",
              "pass": true,
              "fail": false,
              "pending": false,
              "context": null,
              "code": "loginpageobj.openurl();\nloginpageobj.clickforgotpass();",
              "err": {},
              "uuid": "8100fb6b-54ae-4622-a39b-49cb73721d81",
              "parentUUID": "78816bff-f484-4693-a692-b134515dc5ad",
              "isHook": false,
              "skipped": false
            }
          ],
          "suites": [],
          "passes": [
            "4c26355f-853d-4af1-817f-ef5aaf929725",
            "8100fb6b-54ae-4622-a39b-49cb73721d81"
          ],
          "failures": [],
          "pending": [],
          "skipped": [],
          "duration": 3839,
          "root": false,
          "rootEmpty": false,
          "_timeout": 2000
        }
      ],
      "passes": [],
      "failures": [],
      "pending": [],
      "skipped": [],
      "duration": 0,
      "root": true,
      "rootEmpty": true,
      "_timeout": 2000
    },
    {
      "uuid": "344d272b-aa47-4574-9257-117e4a391054",
      "title": "",
      "fullFile": "cypress\\e2e\\tests\\RegisterTest.js",
      "file": "cypress\\e2e\\tests\\RegisterTest.js",
      "beforeHooks": [],
      "afterHooks": [],
      "tests": [],
      "suites": [
        {
          "uuid": "a0e71b8f-dc5f-4dc7-a1e2-75436df1353a",
          "title": "verify the registration functionality",
          "fullFile": "",
          "file": "",
          "beforeHooks": [],
          "afterHooks": [],
          "tests": [
            {
              "title": "verify user should be able to register successfully",
              "fullTitle": "verify the registration functionality verify user should be able to register successfully",
              "timedOut": null,
              "duration": 4454,
              "state": "passed",
              "speed": "fast",
              "pass": true,
              "fail": false,
              "pending": false,
              "context": null,
              "code": "registerobj.openurl();\nregisterobj.enterfirstname(userData.firstname);\nregisterobj.enterlastname(userData.lastname);\nregisterobj.enteremailid(userData.email);\nregisterobj.entertelephone(userData.telephone);\nregisterobj.enterpassword(userData.password);\nregisterobj.enterconfirmpassword(userData.passwordConfirm);\nregisterobj.enterprivacy();\nregisterobj.entercontinue();\nregisterobj.checkRegistrationSuccess();",
              "err": {},
              "uuid": "26a8a4d7-adb0-46eb-8b21-6e8b50c42c17",
              "parentUUID": "a0e71b8f-dc5f-4dc7-a1e2-75436df1353a",
              "isHook": false,
              "skipped": false
            }
          ],
          "suites": [],
          "passes": [
            "26a8a4d7-adb0-46eb-8b21-6e8b50c42c17"
          ],
          "failures": [],
          "pending": [],
          "skipped": [],
          "duration": 4454,
          "root": false,
          "rootEmpty": false,
          "_timeout": 2000
        }
      ],
      "passes": [],
      "failures": [],
      "pending": [],
      "skipped": [],
      "duration": 0,
      "root": true,
      "rootEmpty": true,
      "_timeout": 2000
    },
    {
      "uuid": "5f89f80a-c25d-4e0f-b734-1ed6b04fd297",
      "title": "",
      "fullFile": "cypress\\e2e\\tests\\ContactUsTest.js",
      "file": "cypress\\e2e\\tests\\ContactUsTest.js",
      "beforeHooks": [],
      "afterHooks": [],
      "tests": [],
      "suites": [
        {
          "uuid": "af1ec4fc-9a8d-4797-95f2-002567ec422a",
          "title": "verify contactus functionality",
          "fullFile": "",
          "file": "",
          "beforeHooks": [],
          "afterHooks": [],
          "tests": [
            {
              "title": "verify user should be able to use contact us functionality",
              "fullTitle": "verify contactus functionality verify user should be able to use contact us functionality",
              "timedOut": null,
              "duration": 3272,
              "state": "passed",
              "speed": "fast",
              "pass": true,
              "fail": false,
              "pending": false,
              "context": null,
              "code": "contsctusobj.openurl();\ncontsctusobj.EnterYourName(userdata.firstname);\ncontsctusobj.EnterYourEmail(userdata.email);\ncontsctusobj.Enquiry(userdata.enquirymessage);\ncontsctusobj.ClickOnSubmitBtn();\ncontsctusobj.verifymessageon();",
              "err": {},
              "uuid": "3cc8baf2-6a38-4b40-84f1-dea12f0fe280",
              "parentUUID": "af1ec4fc-9a8d-4797-95f2-002567ec422a",
              "isHook": false,
              "skipped": false
            }
          ],
          "suites": [],
          "passes": [
            "3cc8baf2-6a38-4b40-84f1-dea12f0fe280"
          ],
          "failures": [],
          "pending": [],
          "skipped": [],
          "duration": 3272,
          "root": false,
          "rootEmpty": false,
          "_timeout": 2000
        }
      ],
      "passes": [],
      "failures": [],
      "pending": [],
      "skipped": [],
      "duration": 0,
      "root": true,
      "rootEmpty": true,
      "_timeout": 2000
    }
  ],
  "meta": {
    "mocha": {
      "version": "7.2.0"
    },
    "mochawesome": {
      "options": {
        "quiet": false,
        "reportFilename": "mochawesome",
        "saveHtml": false,
        "saveJson": true,
        "consoleReporter": "spec",
        "useInlineDiffs": false,
        "code": true
      },
      "version": "7.1.3"
    },
    "marge": {
      "options": {
        "reportDir": "cypress/reports/mochawesome",
        "overwrite": false,
        "html": false,
        "json": true
      },
      "version": "6.2.0"
    }
  }
}