{
  "stats": {
    "suites": 1,
    "tests": 2,
    "passes": 2,
    "pending": 0,
    "failures": 0,
    "start": "2025-07-01T14:12:21.598Z",
    "end": "2025-07-01T14:12:27.002Z",
    "duration": 5404,
    "testsRegistered": 2,
    "passPercent": 100,
    "pendingPercent": 0,
    "other": 0,
    "hasOther": false,
    "skipped": 0,
    "hasSkipped": false
  },
  "results": [
    {
      "uuid": "b60df94c-bc13-40c5-ac43-89bc2f50c5ec",
      "title": "",
      "fullFile": "cypress\\e2e\\tests\\LoginPageTest.js",
      "file": "cypress\\e2e\\tests\\LoginPageTest.js",
      "beforeHooks": [],
      "afterHooks": [],
      "tests": [],
      "suites": [
        {
          "uuid": "16d18416-b1d0-49b4-8460-bcca173b5240",
          "title": "verify the login functionality",
          "fullFile": "",
          "file": "",
          "beforeHooks": [],
          "afterHooks": [],
          "tests": [
            {
              "title": "verify user should be able to login successfully",
              "fullTitle": "verify the login functionality verify user should be able to login successfully",
              "timedOut": null,
              "duration": 2917,
              "state": "passed",
              "speed": "fast",
              "pass": true,
              "fail": false,
              "pending": false,
              "context": null,
              "code": "loginpageobj.openurl();\nloginpageobj.enteremailid(userData.loginemail);\nloginpageobj.enterpassword(userData.loginpassword);\nloginpageobj.clickonlogin();",
              "err": {},
              "uuid": "f0b507c6-c657-42d8-930b-e92788e11c11",
              "parentUUID": "16d18416-b1d0-49b4-8460-bcca173b5240",
              "isHook": false,
              "skipped": false
            },
            {
              "title": "verify user should be able to forgot password",
              "fullTitle": "verify the login functionality verify user should be able to forgot password",
              "timedOut": null,
              "duration": 739,
              "state": "passed",
              "speed": "fast",
              "pass": true,
              "fail": false,
              "pending": false,
              "context": null,
              "code": "loginpageobj.openurl();\nloginpageobj.clickforgotpass();",
              "err": {},
              "uuid": "9871b85b-a61c-49d9-af75-9a4bd94a8410",
              "parentUUID": "16d18416-b1d0-49b4-8460-bcca173b5240",
              "isHook": false,
              "skipped": false
            }
          ],
          "suites": [],
          "passes": [
            "f0b507c6-c657-42d8-930b-e92788e11c11",
            "9871b85b-a61c-49d9-af75-9a4bd94a8410"
          ],
          "failures": [],
          "pending": [],
          "skipped": [],
          "duration": 3656,
          "root": false,
          "rootEmpty": false,
          "_timeout": 2000
        }
      ],
      "passes": [],
      "failures": [],
      "pending": [],
      "skipped": [],
      "duration": 0,
      "root": true,
      "rootEmpty": true,
      "_timeout": 2000
    }
  ],
  "meta": {
    "mocha": {
      "version": "7.2.0"
    },
    "mochawesome": {
      "options": {
        "quiet": false,
        "reportFilename": "mochawesome",
        "saveHtml": false,
        "saveJson": true,
        "consoleReporter": "spec",
        "useInlineDiffs": false,
        "code": true
      },
      "version": "7.1.3"
    },
    "marge": {
      "options": {
        "reportDir": "cypress/reports/mochawesome",
        "overwrite": false,
        "html": false,
        "json": true
      },
      "version": "6.2.0"
    }
  }
}