{
  "stats": {
    "suites": 1,
    "tests": 2,
    "passes": 2,
    "pending": 0,
    "failures": 0,
    "start": "2025-06-27T13:59:27.358Z",
    "end": "2025-06-27T13:59:33.644Z",
    "duration": 6286,
    "testsRegistered": 2,
    "passPercent": 100,
    "pendingPercent": 0,
    "other": 0,
    "hasOther": false,
    "skipped": 0,
    "hasSkipped": false
  },
  "results": [
    {
      "uuid": "f4c42493-3997-4a80-b82e-283421800017",
      "title": "",
      "fullFile": "cypress\\e2e\\tests\\ForgotPageTest.js",
      "file": "cypress\\e2e\\tests\\ForgotPageTest.js",
      "beforeHooks": [],
      "afterHooks": [],
      "tests": [],
      "suites": [
        {
          "uuid": "31ac443a-ddf6-44ed-acb4-bf8c570d18eb",
          "title": "verify forgotpassword functionality",
          "fullFile": "",
          "file": "",
          "beforeHooks": [],
          "afterHooks": [],
          "tests": [
            {
              "title": "verify user should be able to forgot password",
              "fullTitle": "verify forgotpassword functionality verify user should be able to forgot password",
              "timedOut": null,
              "duration": 3185,
              "state": "passed",
              "speed": "fast",
              "pass": true,
              "fail": false,
              "pending": false,
              "context": null,
              "code": "forgotobj.openurl();\nforgotobj.enteremailid(userData.loginemail);\nforgotobj.clickoncontinue();\nforgotobj.validateEmailSentMessage();",
              "err": {},
              "uuid": "4419e981-30cb-47f0-87f2-deb86d35ac9b",
              "parentUUID": "31ac443a-ddf6-44ed-acb4-bf8c570d18eb",
              "isHook": false,
              "skipped": false
            },
            {
              "title": "verify user should be able to use back btn",
              "fullTitle": "verify forgotpassword functionality verify user should be able to use back btn",
              "timedOut": null,
              "duration": 863,
              "state": "passed",
              "speed": "fast",
              "pass": true,
              "fail": false,
              "pending": false,
              "context": null,
              "code": "forgotobj.openurl();\nforgotobj.clickonbackbtn();\ncy.url().should('include', 'https://naveenautomationlabs.com/opencart/index.php?route=account/login');",
              "err": {},
              "uuid": "e725f41c-8ad6-430d-bd25-7624cdc20711",
              "parentUUID": "31ac443a-ddf6-44ed-acb4-bf8c570d18eb",
              "isHook": false,
              "skipped": false
            }
          ],
          "suites": [],
          "passes": [
            "4419e981-30cb-47f0-87f2-deb86d35ac9b",
            "e725f41c-8ad6-430d-bd25-7624cdc20711"
          ],
          "failures": [],
          "pending": [],
          "skipped": [],
          "duration": 4048,
          "root": false,
          "rootEmpty": false,
          "_timeout": 2000
        }
      ],
      "passes": [],
      "failures": [],
      "pending": [],
      "skipped": [],
      "duration": 0,
      "root": true,
      "rootEmpty": true,
      "_timeout": 2000
    }
  ],
  "meta": {
    "mocha": {
      "version": "7.2.0"
    },
    "mochawesome": {
      "options": {
        "quiet": false,
        "reportFilename": "mochawesome",
        "saveHtml": false,
        "saveJson": true,
        "consoleReporter": "spec",
        "useInlineDiffs": false,
        "code": true
      },
      "version": "7.1.3"
    },
    "marge": {
      "options": {
        "reportDir": "cypress/reports/mochawesome",
        "overwrite": false,
        "html": false,
        "json": true
      },
      "version": "6.2.0"
    }
  }
}